Build started 1/19/2015 5:20:07 PM.
     1>Project "C:\Users\Luke\Documents\Visual Studio 2013\Projects\USACO 2015 Jan S2\USACO 2015 Jan S2\USACO 2015 Jan S2.vcxproj" on node 2 (Build target(s)).
     1>ClCompile:
         C:\Program Files (x86)\Microsoft Visual Studio 12.0\VC\bin\CL.exe /c /ZI /nologo /W3 /WX- /sdl /Od /Oy- /D WIN32 /D _DEBUG /D _CONSOLE /D _LIB /D _UNICODE /D UNICODE /Gm /EHsc /RTC1 /MDd /GS /fp:precise /Zc:wchar_t /Zc:forScope /Fo"Debug\\" /Fd"Debug\vc120.pdb" /Gd /TP /analyze- /errorReport:prompt cowroute.cpp
         cowroute.cpp
     1>c:\program files (x86)\microsoft visual studio 12.0\vc\include\utility(144): warning C4244: 'initializing' : conversion from '__int64' to 'int', possible loss of data
                 c:\users\luke\documents\visual studio 2013\projects\usaco 2015 jan s2\usaco 2015 jan s2\cowroute.cpp(59) : see reference to function template instantiation 'std::pair<int,int>::pair<__int64&,int&,void>(_Other1,_Other2)' being compiled
                 with
                 [
                     _Other1=__int64 &
         ,            _Other2=int &
                 ]
                 c:\users\luke\documents\visual studio 2013\projects\usaco 2015 jan s2\usaco 2015 jan s2\cowroute.cpp(59) : see reference to function template instantiation 'std::pair<int,int>::pair<__int64&,int&,void>(_Other1,_Other2)' being compiled
                 with
                 [
                     _Other1=__int64 &
         ,            _Other2=int &
                 ]
       Link:
         C:\Program Files (x86)\Microsoft Visual Studio 12.0\VC\bin\link.exe /ERRORREPORT:PROMPT /OUT:"C:\Users\Luke\Documents\Visual Studio 2013\Projects\USACO 2015 Jan S2\Debug\USACO 2015 Jan S2.exe" /INCREMENTAL /NOLOGO kernel32.lib user32.lib gdi32.lib winspool.lib comdlg32.lib advapi32.lib shell32.lib ole32.lib oleaut32.lib uuid.lib odbc32.lib odbccp32.lib /MANIFEST /MANIFESTUAC:"level='asInvoker' uiAccess='false'" /manifest:embed /DEBUG /PDB:"C:\Users\Luke\Documents\Visual Studio 2013\Projects\USACO 2015 Jan S2\Debug\USACO 2015 Jan S2.pdb" /SUBSYSTEM:CONSOLE /TLBID:1 /DYNAMICBASE /NXCOMPAT /IMPLIB:"C:\Users\Luke\Documents\Visual Studio 2013\Projects\USACO 2015 Jan S2\Debug\USACO 2015 Jan S2.lib" /MACHINE:X86 Debug\cowroute.obj
         USACO 2015 Jan S2.vcxproj -> C:\Users\Luke\Documents\Visual Studio 2013\Projects\USACO 2015 Jan S2\Debug\USACO 2015 Jan S2.exe
     1>Done Building Project "C:\Users\Luke\Documents\Visual Studio 2013\Projects\USACO 2015 Jan S2\USACO 2015 Jan S2\USACO 2015 Jan S2.vcxproj" (Build target(s)).

Build succeeded.

Time Elapsed 00:00:00.96
